proactor_events-__init__-633: Using proactor: IocpProactor
terminal-activate_terminal-135: activate run terminal False
proactor_events-__init__-633: Using proactor: IocpProactor
terminal-__script_wrapper-62: running {'N': 50000}
terminal-testscript-110: dit is 300
terminal-testscript-110: dit is 600
terminal-testscript-110: dit is 900
terminal-testscript-110: dit is 1200
terminal-testscript-110: dit is 1500
terminal-testscript-110: dit is 1800
terminal-testscript-110: dit is 2100
terminal-testscript-110: dit is 2400
terminal-testscript-110: dit is 2700
terminal-testscript-110: dit is 3000
terminal-testscript-110: dit is 3300
terminal-testscript-110: dit is 3600
terminal-testscript-110: dit is 3900
terminal-testscript-110: dit is 4200
terminal-testscript-110: dit is 4500
terminal-testscript-110: dit is 4800
terminal-testscript-110: dit is 5100
terminal-testscript-110: dit is 5400
terminal-testscript-110: dit is 5700
terminal-testscript-110: dit is 6000
terminal-testscript-110: dit is 6300
terminal-testscript-110: dit is 6600
terminal-testscript-110: dit is 6900
terminal-testscript-110: dit is 7200
terminal-testscript-110: dit is 7500
terminal-testscript-110: dit is 7800
terminal-testscript-110: dit is 8100
terminal-testscript-110: dit is 8400
terminal-testscript-110: dit is 8700
terminal-testscript-110: dit is 9000
terminal-testscript-110: dit is 9300
terminal-testscript-110: dit is 9600
terminal-testscript-110: dit is 9900
terminal-testscript-110: dit is 10200
terminal-testscript-110: dit is 10500
terminal-testscript-110: dit is 10800
terminal-testscript-110: dit is 11100
terminal-testscript-110: dit is 11400
terminal-testscript-110: dit is 11700
terminal-testscript-110: dit is 12000
terminal-testscript-110: dit is 12300
terminal-testscript-110: dit is 12600
terminal-testscript-110: dit is 12900
terminal-testscript-110: dit is 13200
terminal-testscript-110: dit is 13500
terminal-testscript-110: dit is 13800
terminal-testscript-110: dit is 14100
terminal-testscript-110: dit is 14400
terminal-testscript-110: dit is 14700
terminal-testscript-110: dit is 15000
terminal-testscript-110: dit is 15300
terminal-testscript-110: dit is 15600
terminal-testscript-110: dit is 15900
terminal-testscript-110: dit is 16200
terminal-testscript-110: dit is 16500
terminal-testscript-110: dit is 16800
terminal-testscript-110: dit is 17100
terminal-testscript-110: dit is 17400
terminal-testscript-110: dit is 17700
terminal-testscript-110: dit is 18000
terminal-testscript-110: dit is 18300
terminal-testscript-110: dit is 18600
terminal-testscript-110: dit is 18900
terminal-testscript-110: dit is 19200
terminal-testscript-110: dit is 19500
terminal-testscript-110: dit is 19800
terminal-testscript-110: dit is 20100
terminal-testscript-110: dit is 20400
terminal-testscript-110: dit is 20700
terminal-testscript-110: dit is 21000
terminal-testscript-110: dit is 21300
terminal-testscript-110: dit is 21600
terminal-testscript-110: dit is 21900
terminal-testscript-110: dit is 22200
terminal-testscript-110: dit is 22500
terminal-testscript-110: dit is 22800
terminal-testscript-110: dit is 23100
terminal-testscript-110: dit is 23400
terminal-testscript-110: dit is 23700
terminal-testscript-110: dit is 24000
terminal-testscript-110: dit is 24300
terminal-testscript-110: dit is 24600
terminal-testscript-110: dit is 24900
terminal-testscript-110: dit is 25200
terminal-testscript-110: dit is 25500
terminal-testscript-110: dit is 25800
terminal-testscript-110: dit is 26100
terminal-testscript-110: dit is 26400
terminal-testscript-110: dit is 26700
terminal-testscript-110: dit is 27000
terminal-testscript-110: dit is 27300
terminal-testscript-110: dit is 27600
terminal-testscript-110: dit is 27900
terminal-testscript-110: dit is 28200
terminal-testscript-110: dit is 28500
terminal-testscript-110: dit is 28800
terminal-testscript-110: dit is 29100
terminal-testscript-110: dit is 29400
terminal-testscript-110: dit is 29700
terminal-testscript-110: dit is 30000
terminal-testscript-110: dit is 30300
terminal-testscript-110: dit is 30600
terminal-testscript-110: dit is 30900
terminal-testscript-110: dit is 31200
terminal-testscript-110: dit is 31500
terminal-testscript-110: dit is 31800
terminal-testscript-110: dit is 32100
terminal-testscript-110: dit is 32400
terminal-testscript-110: dit is 32700
terminal-testscript-110: dit is 33000
terminal-testscript-110: dit is 33300
terminal-testscript-110: dit is 33600
terminal-testscript-110: dit is 33900
terminal-testscript-110: dit is 34200
terminal-testscript-110: dit is 34500
terminal-testscript-110: dit is 34800
terminal-testscript-110: dit is 35100
terminal-testscript-110: dit is 35400
terminal-testscript-110: dit is 35700
terminal-testscript-110: dit is 36000
terminal-testscript-110: dit is 36300
terminal-testscript-110: dit is 36600
terminal-testscript-110: dit is 36900
terminal-testscript-110: dit is 37200
terminal-testscript-110: dit is 37500
terminal-testscript-110: dit is 37800
terminal-testscript-110: dit is 38100
terminal-testscript-110: dit is 38400
terminal-testscript-110: dit is 38700
terminal-testscript-110: dit is 39000
terminal-testscript-110: dit is 39300
terminal-testscript-110: dit is 39600
terminal-testscript-110: dit is 39900
terminal-testscript-110: dit is 40200
terminal-testscript-110: dit is 40500
terminal-testscript-110: dit is 40800
terminal-testscript-110: dit is 41100
terminal-testscript-110: dit is 41400
terminal-testscript-110: dit is 41700
terminal-testscript-110: dit is 42000
terminal-testscript-110: dit is 42300
terminal-testscript-110: dit is 42600
terminal-testscript-110: dit is 42900
terminal-testscript-110: dit is 43200
terminal-testscript-110: dit is 43500
terminal-testscript-110: dit is 43800
terminal-testscript-110: dit is 44100
terminal-testscript-110: dit is 44400
terminal-testscript-110: dit is 44700
terminal-testscript-110: dit is 45000
terminal-testscript-110: dit is 45300
terminal-testscript-110: dit is 45600
terminal-testscript-110: dit is 45900
terminal-testscript-110: dit is 46200
terminal-testscript-110: dit is 46500
terminal-testscript-110: dit is 46800
terminal-testscript-110: dit is 47100
terminal-testscript-110: dit is 47400
terminal-testscript-110: dit is 47700
terminal-testscript-110: dit is 48000
terminal-testscript-110: dit is 48300
terminal-testscript-110: dit is 48600
terminal-testscript-110: dit is 48900
terminal-testscript-110: dit is 49200
terminal-testscript-110: dit is 49500
terminal-testscript-110: dit is 49800
terminal-callback_run_terminal-132: callback from terminal True
terminal-activate_terminal-135: activate run terminal False
proactor_events-__init__-633: Using proactor: IocpProactor
terminal-__script_wrapper-62: running {'N': 50000}
terminal-testscript-110: dit is 300
terminal-testscript-110: dit is 600
terminal-testscript-110: dit is 900
terminal-testscript-110: dit is 1200
terminal-testscript-110: dit is 1500
terminal-testscript-110: dit is 1800
terminal-testscript-110: dit is 2100
terminal-testscript-110: dit is 2400
terminal-testscript-110: dit is 2700
terminal-testscript-110: dit is 3000
terminal-testscript-110: dit is 3300
terminal-testscript-110: dit is 3600
terminal-testscript-110: dit is 3900
terminal-testscript-110: dit is 4200
terminal-testscript-110: dit is 4500
terminal-testscript-110: dit is 4800
terminal-testscript-110: dit is 5100
terminal-testscript-110: dit is 5400
terminal-testscript-110: dit is 5700
terminal-testscript-110: dit is 6000
terminal-testscript-110: dit is 6300
terminal-testscript-110: dit is 6600
terminal-testscript-110: dit is 6900
terminal-testscript-110: dit is 7200
terminal-testscript-110: dit is 7500
terminal-testscript-110: dit is 7800
terminal-testscript-110: dit is 8100
terminal-testscript-110: dit is 8400
terminal-testscript-110: dit is 8700
terminal-testscript-110: dit is 9000
terminal-testscript-110: dit is 9300
terminal-testscript-110: dit is 9600
terminal-testscript-110: dit is 9900
terminal-testscript-110: dit is 10200
terminal-testscript-110: dit is 10500
terminal-testscript-110: dit is 10800
terminal-testscript-110: dit is 11100
terminal-testscript-110: dit is 11400
terminal-testscript-110: dit is 11700
terminal-testscript-110: dit is 12000
terminal-testscript-110: dit is 12300
terminal-testscript-110: dit is 12600
terminal-testscript-110: dit is 12900
terminal-testscript-110: dit is 13200
terminal-testscript-110: dit is 13500
terminal-testscript-110: dit is 13800
terminal-testscript-110: dit is 14100
terminal-testscript-110: dit is 14400
terminal-testscript-110: dit is 14700
terminal-testscript-110: dit is 15000
terminal-testscript-110: dit is 15300
terminal-testscript-110: dit is 15600
terminal-testscript-110: dit is 15900
terminal-testscript-110: dit is 16200
terminal-testscript-110: dit is 16500
terminal-testscript-110: dit is 16800
terminal-testscript-110: dit is 17100
terminal-testscript-110: dit is 17400
terminal-testscript-110: dit is 17700
terminal-testscript-110: dit is 18000
terminal-testscript-110: dit is 18300
terminal-testscript-110: dit is 18600
terminal-testscript-110: dit is 18900
terminal-testscript-110: dit is 19200
terminal-testscript-110: dit is 19500
terminal-testscript-110: dit is 19800
terminal-testscript-110: dit is 20100
terminal-testscript-110: dit is 20400
terminal-testscript-110: dit is 20700
terminal-testscript-110: dit is 21000
terminal-testscript-110: dit is 21300
terminal-testscript-110: dit is 21600
terminal-testscript-110: dit is 21900
terminal-testscript-110: dit is 22200
terminal-testscript-110: dit is 22500
terminal-testscript-110: dit is 22800
terminal-testscript-110: dit is 23100
terminal-testscript-110: dit is 23400
terminal-testscript-110: dit is 23700
terminal-testscript-110: dit is 24000
terminal-testscript-110: dit is 24300
terminal-testscript-110: dit is 24600
terminal-testscript-110: dit is 24900
terminal-testscript-110: dit is 25200
terminal-testscript-110: dit is 25500
terminal-testscript-110: dit is 25800
terminal-testscript-110: dit is 26100
terminal-testscript-110: dit is 26400
terminal-testscript-110: dit is 26700
terminal-testscript-110: dit is 27000
terminal-testscript-110: dit is 27300
terminal-testscript-110: dit is 27600
terminal-testscript-110: dit is 27900
terminal-testscript-110: dit is 28200
terminal-testscript-110: dit is 28500
terminal-testscript-110: dit is 28800
terminal-testscript-110: dit is 29100
terminal-testscript-110: dit is 29400
terminal-testscript-110: dit is 29700
terminal-testscript-110: dit is 30000
terminal-testscript-110: dit is 30300
terminal-testscript-110: dit is 30600
terminal-testscript-110: dit is 30900
terminal-testscript-110: dit is 31200
terminal-testscript-110: dit is 31500
terminal-testscript-110: dit is 31800
terminal-testscript-110: dit is 32100
terminal-testscript-110: dit is 32400
terminal-testscript-110: dit is 32700
terminal-testscript-110: dit is 33000
terminal-testscript-110: dit is 33300
terminal-testscript-110: dit is 33600
terminal-testscript-110: dit is 33900
terminal-testscript-110: dit is 34200
terminal-testscript-110: dit is 34500
terminal-testscript-110: dit is 34800
terminal-testscript-110: dit is 35100
terminal-testscript-110: dit is 35400
terminal-testscript-110: dit is 35700
terminal-testscript-110: dit is 36000
terminal-testscript-110: dit is 36300
terminal-testscript-110: dit is 36600
terminal-testscript-110: dit is 36900
terminal-testscript-110: dit is 37200
terminal-testscript-110: dit is 37500
terminal-testscript-110: dit is 37800
terminal-testscript-110: dit is 38100
terminal-testscript-110: dit is 38400
terminal-testscript-110: dit is 38700
terminal-testscript-110: dit is 39000
terminal-testscript-110: dit is 39300
terminal-testscript-110: dit is 39600
terminal-testscript-110: dit is 39900
terminal-testscript-110: dit is 40200
terminal-testscript-110: dit is 40500
terminal-testscript-110: dit is 40800
terminal-testscript-110: dit is 41100
terminal-testscript-110: dit is 41400
terminal-testscript-110: dit is 41700
terminal-testscript-110: dit is 42000
terminal-testscript-110: dit is 42300
terminal-testscript-110: dit is 42600
terminal-testscript-110: dit is 42900
terminal-testscript-110: dit is 43200
terminal-testscript-110: dit is 43500
terminal-testscript-110: dit is 43800
terminal-testscript-110: dit is 44100
terminal-testscript-110: dit is 44400
terminal-testscript-110: dit is 44700
terminal-testscript-110: dit is 45000
terminal-testscript-110: dit is 45300
terminal-testscript-110: dit is 45600
terminal-testscript-110: dit is 45900
terminal-testscript-110: dit is 46200
terminal-testscript-110: dit is 46500
terminal-testscript-110: dit is 46800
terminal-testscript-110: dit is 47100
terminal-testscript-110: dit is 47400
terminal-testscript-110: dit is 47700
terminal-testscript-110: dit is 48000
terminal-testscript-110: dit is 48300
terminal-testscript-110: dit is 48600
terminal-testscript-110: dit is 48900
terminal-testscript-110: dit is 49200
terminal-testscript-110: dit is 49500
terminal-testscript-110: dit is 49800
terminal-callback_run_terminal-132: callback from terminal True
